<?xml version="1.0" encoding="UTF-8"?>
<testng-results skipped="4" failed="0" total="4" passed="0">
  <reporter-output>
  </reporter-output>
  <suite name="Default suite" duration-ms="6438" started-at="2024-10-29T16:50:31Z" finished-at="2024-10-29T16:50:37Z">
    <groups>
      <group name="Shop">
        <method signature="MainPage.shopping()[pri:6, instance:org.bestBuy.MainPage@47f6473]" name="shopping" class="org.bestBuy.MainPage"/>
      </group> <!-- Shop -->
      <group name="bottomlink">
        <method signature="MainPage.bottomLink()[pri:5, instance:org.bestBuy.MainPage@47f6473]" name="bottomLink" class="org.bestBuy.MainPage"/>
      </group> <!-- bottomlink -->
      <group name="Login">
        <method signature="MainPage.login()[pri:3, instance:org.bestBuy.MainPage@47f6473]" name="login" class="org.bestBuy.MainPage"/>
      </group> <!-- Login -->
      <group name="Menu">
        <method signature="MainPage.menuPage()[pri:4, instance:org.bestBuy.MainPage@47f6473]" name="menuPage" class="org.bestBuy.MainPage"/>
      </group> <!-- Menu -->
    </groups>
    <test name="Default test" duration-ms="6438" started-at="2024-10-29T16:50:31Z" finished-at="2024-10-29T16:50:37Z">
      <class name="org.bestBuy.MainPage">
        <test-method status="FAIL" signature="BestBuyMainPage()[pri:0, instance:org.bestBuy.MainPage@47f6473]" name="BestBuyMainPage" is-config="true" duration-ms="0" started-at="2024-10-29T22:20:31Z" finished-at="2024-10-29T22:20:31Z">
          <exception class="java.lang.NullPointerException">
            <full-stacktrace>
              <![CDATA[java.lang.NullPointerException
	at org.openqa.selenium.support.pagefactory.DefaultElementLocator.findElement(DefaultElementLocator.java:68)
	at org.openqa.selenium.support.pagefactory.internal.LocatingElementHandler.invoke(LocatingElementHandler.java:38)
	at com.sun.proxy.$Proxy7.click(Unknown Source)
	at org.bestBuy.MainPage.BestBuyMainPage(MainPage.java:38)
	at sun.reflect.NativeMethodAccessorImpl.invoke0(Native Method)
	at sun.reflect.NativeMethodAccessorImpl.invoke(Unknown Source)
	at sun.reflect.DelegatingMethodAccessorImpl.invoke(Unknown Source)
	at java.lang.reflect.Method.invoke(Unknown Source)
	at org.testng.internal.MethodInvocationHelper.invokeMethod(MethodInvocationHelper.java:86)
	at org.testng.internal.Invoker.invokeConfigurationMethod(Invoker.java:514)
	at org.testng.internal.Invoker.invokeConfigurations(Invoker.java:215)
	at org.testng.internal.Invoker.invokeMethod(Invoker.java:589)
	at org.testng.internal.Invoker.invokeTestMethod(Invoker.java:822)
	at org.testng.internal.Invoker.invokeTestMethods(Invoker.java:1130)
	at org.testng.internal.TestMethodWorker.invokeTestMethods(TestMethodWorker.java:129)
	at org.testng.internal.TestMethodWorker.run(TestMethodWorker.java:112)
	at org.testng.TestRunner.privateRun(TestRunner.java:782)
	at org.testng.TestRunner.run(TestRunner.java:632)
	at org.testng.SuiteRunner.runTest(SuiteRunner.java:366)
	at org.testng.SuiteRunner.runSequentially(SuiteRunner.java:361)
	at org.testng.SuiteRunner.privateRun(SuiteRunner.java:319)
	at org.testng.SuiteRunner.run(SuiteRunner.java:268)
	at org.testng.SuiteRunnerWorker.runSuite(SuiteRunnerWorker.java:52)
	at org.testng.SuiteRunnerWorker.run(SuiteRunnerWorker.java:86)
	at org.testng.TestNG.runSuitesSequentially(TestNG.java:1244)
	at org.testng.TestNG.runSuitesLocally(TestNG.java:1169)
	at org.testng.TestNG.run(TestNG.java:1064)
	at org.testng.remote.RemoteTestNG.run(RemoteTestNG.java:113)
	at org.testng.remote.RemoteTestNG.initAndRun(RemoteTestNG.java:206)
	at org.testng.remote.RemoteTestNG.main(RemoteTestNG.java:177)
]]>
            </full-stacktrace>
          </exception> <!-- java.lang.NullPointerException -->
          <reporter-output>
          </reporter-output>
        </test-method> <!-- BestBuyMainPage -->
        <test-method status="SKIP" signature="login()[pri:3, instance:org.bestBuy.MainPage@47f6473]" name="login" duration-ms="0" started-at="2024-10-29T22:20:37Z" finished-at="2024-10-29T22:20:37Z">
          <reporter-output>
          </reporter-output>
        </test-method> <!-- login -->
        <test-method status="SKIP" signature="menuPage()[pri:4, instance:org.bestBuy.MainPage@47f6473]" name="menuPage" duration-ms="2" started-at="2024-10-29T22:20:37Z" finished-at="2024-10-29T22:20:37Z">
          <reporter-output>
          </reporter-output>
        </test-method> <!-- menuPage -->
        <test-method status="SKIP" signature="BestBuyMainPage()[pri:0, instance:org.bestBuy.MainPage@47f6473]" name="BestBuyMainPage" is-config="true" duration-ms="0" started-at="2024-10-29T22:20:37Z" finished-at="2024-10-29T22:20:37Z">
          <reporter-output>
          </reporter-output>
        </test-method> <!-- BestBuyMainPage -->
        <test-method status="SKIP" signature="BestBuyMainPage()[pri:0, instance:org.bestBuy.MainPage@47f6473]" name="BestBuyMainPage" is-config="true" duration-ms="0" started-at="2024-10-29T22:20:37Z" finished-at="2024-10-29T22:20:37Z">
          <reporter-output>
          </reporter-output>
        </test-method> <!-- BestBuyMainPage -->
        <test-method status="SKIP" signature="bottomLink()[pri:5, instance:org.bestBuy.MainPage@47f6473]" name="bottomLink" duration-ms="0" started-at="2024-10-29T22:20:37Z" finished-at="2024-10-29T22:20:37Z">
          <reporter-output>
          </reporter-output>
        </test-method> <!-- bottomLink -->
        <test-method status="SKIP" signature="BestBuyMainPage()[pri:0, instance:org.bestBuy.MainPage@47f6473]" name="BestBuyMainPage" is-config="true" duration-ms="0" started-at="2024-10-29T22:20:37Z" finished-at="2024-10-29T22:20:37Z">
          <reporter-output>
          </reporter-output>
        </test-method> <!-- BestBuyMainPage -->
        <test-method status="SKIP" signature="shopping()[pri:6, instance:org.bestBuy.MainPage@47f6473]" name="shopping" duration-ms="2" started-at="2024-10-29T22:20:37Z" finished-at="2024-10-29T22:20:37Z">
          <reporter-output>
          </reporter-output>
        </test-method> <!-- shopping -->
      </class> <!-- org.bestBuy.MainPage -->
    </test> <!-- Default test -->
  </suite> <!-- Default suite -->
</testng-results>
